<?xml version="1.0" encoding="UTF-8"?>
<coverage generated="1781812975999" clover="3.2.0">
  <project timestamp="1781812975999" name="All files">
    <metrics statements="26" coveredstatements="24" conditionals="8" coveredconditionals="6" methods="10" coveredmethods="9" elements="44" coveredelements="39" complexity="0" loc="26" ncloc="26" packages="1" files="2" classes="2"/>
    <file name="Blog.jsx" path="C:\Users\karen\OneDrive\Documentos\FullStack Open\Fullstack-Open\part5\bloglist-frontend\src\components\Blog.jsx">
      <metrics statements="12" coveredstatements="10" conditionals="8" coveredconditionals="6" methods="5" coveredmethods="4"/>
      <line num="3" count="1" type="stmt"/>
      <line num="4" count="5" type="stmt"/>
      <line num="6" count="5" type="stmt"/>
      <line num="14" count="5" type="stmt"/>
      <line num="15" count="2" type="cond" truecount="1" falsecount="1"/>
      <line num="16" count="0" type="stmt"/>
      <line num="18" count="2" type="stmt"/>
      <line num="23" count="5" type="stmt"/>
      <line num="24" count="2" type="stmt"/>
      <line num="26" count="2" type="stmt"/>
      <line num="28" count="0" type="cond" truecount="1" falsecount="1"/>
      <line num="32" count="5" type="stmt"/>
    </file>
    <file name="NewBlogForm.jsx" path="C:\Users\karen\OneDrive\Documentos\FullStack Open\Fullstack-Open\part5\bloglist-frontend\src\components\NewBlogForm.jsx">
      <metrics statements="14" coveredstatements="14" conditionals="0" coveredconditionals="0" methods="5" coveredmethods="5"/>
      <line num="3" count="1" type="stmt"/>
      <line num="4" count="20" type="stmt"/>
      <line num="5" count="20" type="stmt"/>
      <line num="6" count="20" type="stmt"/>
      <line num="9" count="20" type="stmt"/>
      <line num="10" count="1" type="stmt"/>
      <line num="12" count="1" type="stmt"/>
      <line num="18" count="1" type="stmt"/>
      <line num="19" count="1" type="stmt"/>
      <line num="20" count="1" type="stmt"/>
      <line num="23" count="20" type="stmt"/>
      <line num="32" count="4" type="stmt"/>
      <line num="43" count="6" type="stmt"/>
      <line num="54" count="8" type="stmt"/>
    </file>
  </project>
</coverage>
