{"C:\\Users\\karen\\OneDrive\\Documentos\\FullStack Open\\Fullstack-Open\\part5\\bloglist-frontend\\src\\components\\Blog.jsx": {"path":"C:\\Users\\karen\\OneDrive\\Documentos\\FullStack Open\\Fullstack-Open\\part5\\bloglist-frontend\\src\\components\\Blog.jsx","statementMap":{"0":{"start":{"line":3,"column":13},"end":{"line":41,"column":null}},"1":{"start":{"line":4,"column":22},"end":{"line":4,"column":null}},"2":{"start":{"line":6,"column":20},"end":{"line":12,"column":null}},"3":{"start":{"line":14,"column":19},"end":{"line":20,"column":null}},"4":{"start":{"line":15,"column":4},"end":{"line":19,"column":null}},"5":{"start":{"line":16,"column":6},"end":{"line":16,"column":null}},"6":{"start":{"line":18,"column":6},"end":{"line":18,"column":null}},"7":{"start":{"line":23,"column":19},"end":{"line":29,"column":null}},"8":{"start":{"line":24,"column":4},"end":{"line":29,"column":null}},"9":{"start":{"line":26,"column":53},"end":{"line":26,"column":68}},"10":{"start":{"line":28,"column":72},"end":{"line":28,"column":90}},"11":{"start":{"line":32,"column":2},"end":{"line":40,"column":null}}},"fnMap":{"0":{"name":"(anonymous_0)","decl":{"start":{"line":3,"column":13},"end":{"line":3,"column":14}},"loc":{"start":{"line":3,"column":54},"end":{"line":41,"column":null}},"line":3},"1":{"name":"(anonymous_1)","decl":{"start":{"line":14,"column":19},"end":{"line":14,"column":25}},"loc":{"start":{"line":14,"column":25},"end":{"line":20,"column":null}},"line":14},"2":{"name":"(anonymous_2)","decl":{"start":{"line":23,"column":19},"end":{"line":23,"column":null}},"loc":{"start":{"line":24,"column":4},"end":{"line":29,"column":null}},"line":24},"3":{"name":"(anonymous_3)","decl":{"start":{"line":26,"column":47},"end":{"line":26,"column":53}},"loc":{"start":{"line":26,"column":53},"end":{"line":26,"column":68}},"line":26},"4":{"name":"(anonymous_4)","decl":{"start":{"line":28,"column":66},"end":{"line":28,"column":72}},"loc":{"start":{"line":28,"column":72},"end":{"line":28,"column":90}},"line":28}},"branchMap":{"0":{"loc":{"start":{"line":15,"column":4},"end":{"line":19,"column":null}},"type":"if","locations":[{"start":{"line":15,"column":4},"end":{"line":19,"column":null}},{"start":{"line":17,"column":10},"end":{"line":19,"column":null}}],"line":15},"1":{"loc":{"start":{"line":28,"column":8},"end":{"line":28,"column":null}},"type":"binary-expr","locations":[{"start":{"line":28,"column":8},"end":{"line":28,"column":49}},{"start":{"line":28,"column":49},"end":{"line":28,"column":null}}],"line":28},"2":{"loc":{"start":{"line":37,"column":36},"end":{"line":37,"column":59}},"type":"cond-expr","locations":[{"start":{"line":37,"column":43},"end":{"line":37,"column":52}},{"start":{"line":37,"column":52},"end":{"line":37,"column":59}}],"line":37},"3":{"loc":{"start":{"line":39,"column":7},"end":{"line":39,"column":null}},"type":"binary-expr","locations":[{"start":{"line":39,"column":7},"end":{"line":39,"column":15}},{"start":{"line":39,"column":15},"end":{"line":39,"column":null}}],"line":39}},"s":{"0":1,"1":5,"2":5,"3":5,"4":2,"5":0,"6":2,"7":5,"8":2,"9":2,"10":0,"11":5},"f":{"0":5,"1":2,"2":2,"3":2,"4":0},"b":{"0":[0,2],"1":[2,0],"2":[2,3],"3":[5,2]},"meta":{"lastBranch":4,"lastFunction":5,"lastStatement":12,"seen":{"s:3:13:41:Infinity":0,"f:3:13:3:14":0,"s:4:22:4:Infinity":1,"s:6:20:12:Infinity":2,"s:14:19:20:Infinity":3,"f:14:19:14:25":1,"b:15:4:19:Infinity:17:10:19:Infinity":0,"s:15:4:19:Infinity":4,"s:16:6:16:Infinity":5,"s:18:6:18:Infinity":6,"s:23:19:29:Infinity":7,"f:23:19:23:Infinity":2,"s:24:4:29:Infinity":8,"f:26:47:26:53":3,"s:26:53:26:68":9,"b:28:8:28:49:28:49:28:Infinity":1,"f:28:66:28:72":4,"s:28:72:28:90":10,"s:32:2:40:Infinity":11,"b:37:43:37:52:37:52:37:59":2,"b:39:7:39:15:39:15:39:Infinity":3},"fnNames":{}}}
,"C:\\Users\\karen\\OneDrive\\Documentos\\FullStack Open\\Fullstack-Open\\part5\\bloglist-frontend\\src\\components\\NewBlogForm.jsx": {"path":"C:\\Users\\karen\\OneDrive\\Documentos\\FullStack Open\\Fullstack-Open\\part5\\bloglist-frontend\\src\\components\\NewBlogForm.jsx","statementMap":{"0":{"start":{"line":3,"column":27},"end":{"line":62,"column":null}},"1":{"start":{"line":4,"column":24},"end":{"line":4,"column":null}},"2":{"start":{"line":5,"column":26},"end":{"line":5,"column":null}},"3":{"start":{"line":6,"column":20},"end":{"line":6,"column":null}},"4":{"start":{"line":9,"column":27},"end":{"line":21,"column":null}},"5":{"start":{"line":10,"column":4},"end":{"line":10,"column":null}},"6":{"start":{"line":12,"column":4},"end":{"line":16,"column":null}},"7":{"start":{"line":18,"column":4},"end":{"line":18,"column":null}},"8":{"start":{"line":19,"column":4},"end":{"line":19,"column":null}},"9":{"start":{"line":20,"column":4},"end":{"line":20,"column":null}},"10":{"start":{"line":23,"column":2},"end":{"line":60,"column":null}},"11":{"start":{"line":32,"column":38},"end":{"line":32,"column":null}},"12":{"start":{"line":43,"column":38},"end":{"line":43,"column":null}},"13":{"start":{"line":54,"column":38},"end":{"line":54,"column":null}}},"fnMap":{"0":{"name":"(anonymous_0)","decl":{"start":{"line":3,"column":27},"end":{"line":3,"column":28}},"loc":{"start":{"line":3,"column":45},"end":{"line":62,"column":null}},"line":3},"1":{"name":"(anonymous_1)","decl":{"start":{"line":9,"column":27},"end":{"line":9,"column":28}},"loc":{"start":{"line":9,"column":38},"end":{"line":21,"column":null}},"line":9},"2":{"name":"(anonymous_2)","decl":{"start":{"line":32,"column":22},"end":{"line":32,"column":23}},"loc":{"start":{"line":32,"column":38},"end":{"line":32,"column":null}},"line":32},"3":{"name":"(anonymous_3)","decl":{"start":{"line":43,"column":22},"end":{"line":43,"column":23}},"loc":{"start":{"line":43,"column":38},"end":{"line":43,"column":null}},"line":43},"4":{"name":"(anonymous_4)","decl":{"start":{"line":54,"column":22},"end":{"line":54,"column":23}},"loc":{"start":{"line":54,"column":38},"end":{"line":54,"column":null}},"line":54}},"branchMap":{},"s":{"0":1,"1":20,"2":20,"3":20,"4":20,"5":1,"6":1,"7":1,"8":1,"9":1,"10":20,"11":4,"12":6,"13":8},"f":{"0":20,"1":1,"2":4,"3":6,"4":8},"b":{},"meta":{"lastBranch":0,"lastFunction":5,"lastStatement":14,"seen":{"s:3:27:62:Infinity":0,"f:3:27:3:28":0,"s:4:24:4:Infinity":1,"s:5:26:5:Infinity":2,"s:6:20:6:Infinity":3,"s:9:27:21:Infinity":4,"f:9:27:9:28":1,"s:10:4:10:Infinity":5,"s:12:4:16:Infinity":6,"s:18:4:18:Infinity":7,"s:19:4:19:Infinity":8,"s:20:4:20:Infinity":9,"s:23:2:60:Infinity":10,"f:32:22:32:23":2,"s:32:38:32:Infinity":11,"f:43:22:43:23":3,"s:43:38:43:Infinity":12,"f:54:22:54:23":4,"s:54:38:54:Infinity":13},"fnNames":{}}}
}
